<?xml version="1.0" encoding="UTF-8"?>
<testsuite name="com.junio.book.springboot.domain.posts.PostsRepositoryTest" tests="2" skipped="0" failures="0" errors="0" timestamp="2021-10-28T05:50:43" hostname="DESKTOP-IJ1I19V" time="0.176">
  <properties/>
  <testcase name="게시글저장_불러오기()" classname="com.junio.book.springboot.domain.posts.PostsRepositoryTest" time="0.165"/>
  <testcase name="BaseTimeEntity_등록()" classname="com.junio.book.springboot.domain.posts.PostsRepositoryTest" time="0.01"/>
  <system-out><![CDATA[2021-10-28 14:50:40.493  INFO 8056 --- [    Test worker] .b.t.c.SpringBootTestContextBootstrapper : Neither @ContextConfiguration nor @ContextHierarchy found for test class [com.junio.book.springboot.domain.posts.PostsRepositoryTest], using SpringBootContextLoader
2021-10-28 14:50:40.494  INFO 8056 --- [    Test worker] o.s.t.c.support.AbstractContextLoader    : Could not detect default resource locations for test class [com.junio.book.springboot.domain.posts.PostsRepositoryTest]: no resource found for suffixes {-context.xml, Context.groovy}.
2021-10-28 14:50:40.494  INFO 8056 --- [    Test worker] t.c.s.AnnotationConfigContextLoaderUtils : Could not detect default configuration classes for test class [com.junio.book.springboot.domain.posts.PostsRepositoryTest]: PostsRepositoryTest does not declare any static, non-private, non-final, nested classes annotated with @Configuration.
2021-10-28 14:50:40.500  INFO 8056 --- [    Test worker] .b.t.c.SpringBootTestContextBootstrapper : Found @SpringBootConfiguration com.junio.book.springboot.Application for test class com.junio.book.springboot.domain.posts.PostsRepositoryTest
2021-10-28 14:50:40.503  INFO 8056 --- [    Test worker] .b.t.c.SpringBootTestContextBootstrapper : Loaded default TestExecutionListener class names from location [META-INF/spring.factories]: [org.springframework.security.test.context.support.WithSecurityContextTestExecutionListener, org.springframework.security.test.context.support.ReactorContextTestExecutionListener, org.springframework.boot.test.autoconfigure.restdocs.RestDocsTestExecutionListener, org.springframework.boot.test.autoconfigure.web.client.MockRestServiceServerResetTestExecutionListener, org.springframework.boot.test.autoconfigure.web.servlet.MockMvcPrintOnlyOnFailureTestExecutionListener, org.springframework.boot.test.autoconfigure.web.servlet.WebDriverTestExecutionListener, org.springframework.boot.test.autoconfigure.webservices.client.MockWebServiceServerTestExecutionListener, org.springframework.boot.test.mock.mockito.MockitoTestExecutionListener, org.springframework.boot.test.mock.mockito.ResetMocksTestExecutionListener, org.springframework.test.context.web.ServletTestExecutionListener, org.springframework.test.context.support.DirtiesContextBeforeModesTestExecutionListener, org.springframework.test.context.support.DependencyInjectionTestExecutionListener, org.springframework.test.context.support.DirtiesContextTestExecutionListener, org.springframework.test.context.transaction.TransactionalTestExecutionListener, org.springframework.test.context.jdbc.SqlScriptsTestExecutionListener, org.springframework.test.context.event.EventPublishingTestExecutionListener]
2021-10-28 14:50:40.504  INFO 8056 --- [    Test worker] .b.t.c.SpringBootTestContextBootstrapper : Using TestExecutionListeners: [org.springframework.test.context.web.ServletTestExecutionListener@60715010, org.springframework.test.context.support.DirtiesContextBeforeModesTestExecutionListener@261d8318, org.springframework.boot.test.mock.mockito.MockitoTestExecutionListener@75c6bc9b, org.springframework.boot.test.autoconfigure.SpringBootDependencyInjectionTestExecutionListener@159bdbbe, org.springframework.test.context.support.DirtiesContextTestExecutionListener@7f00f8cd, org.springframework.test.context.transaction.TransactionalTestExecutionListener@35cfb176, org.springframework.test.context.jdbc.SqlScriptsTestExecutionListener@75ade130, org.springframework.security.test.context.support.WithSecurityContextTestExecutionListener@3e209210, org.springframework.test.context.event.EventPublishingTestExecutionListener@469ec389, org.springframework.security.test.context.support.ReactorContextTestExecutionListener@e128e2d, org.springframework.boot.test.autoconfigure.restdocs.RestDocsTestExecutionListener@142c5abe, org.springframework.boot.test.autoconfigure.web.client.MockRestServiceServerResetTestExecutionListener@2ea6fa39, org.springframework.boot.test.autoconfigure.web.servlet.MockMvcPrintOnlyOnFailureTestExecutionListener@1e94f6ef, org.springframework.boot.test.autoconfigure.web.servlet.WebDriverTestExecutionListener@4ed60f6, org.springframework.boot.test.autoconfigure.webservices.client.MockWebServiceServerTestExecutionListener@7262237f, org.springframework.boot.test.mock.mockito.ResetMocksTestExecutionListener@6b0c7838]

  .   ____          _            __ _ _
 /\\ / ___'_ __ _ _(_)_ __  __ _ \ \ \ \
( ( )\___ | '_ | '_| | '_ \/ _` | \ \ \ \
 \\/  ___)| |_)| | | | | || (_| |  ) ) ) )
  '  |____| .__|_| |_|_| |_\__, | / / / /
 =========|_|==============|___/=/_/_/_/
 :: Spring Boot ::                (v2.4.1)

2021-10-28 14:50:40.525  INFO 8056 --- [    Test worker] c.j.b.s.d.posts.PostsRepositoryTest      : Starting PostsRepositoryTest using Java 1.8.0_291 on DESKTOP-IJ1I19V with PID 8056 (started by junio in C:\dev\devEnv\workspace\springboot-webservice)
2021-10-28 14:50:40.526  INFO 8056 --- [    Test worker] c.j.b.s.d.posts.PostsRepositoryTest      : No active profile set, falling back to default profiles: default
2021-10-28 14:50:40.816  INFO 8056 --- [    Test worker] .s.d.r.c.RepositoryConfigurationDelegate : Bootstrapping Spring Data JPA repositories in DEFAULT mode.
2021-10-28 14:50:40.865  INFO 8056 --- [    Test worker] .s.d.r.c.RepositoryConfigurationDelegate : Finished Spring Data repository scanning in 44 ms. Found 2 JPA repository interfaces.
2021-10-28 14:50:41.196  INFO 8056 --- [    Test worker] com.zaxxer.hikari.HikariDataSource       : HikariPool-1 - Starting...
2021-10-28 14:50:41.366  INFO 8056 --- [    Test worker] com.zaxxer.hikari.HikariDataSource       : HikariPool-1 - Start completed.
2021-10-28 14:50:41.439  INFO 8056 --- [    Test worker] o.hibernate.jpa.internal.util.LogHelper  : HHH000204: Processing PersistenceUnitInfo [name: default]
2021-10-28 14:50:41.498  INFO 8056 --- [    Test worker] org.hibernate.Version                    : HHH000412: Hibernate ORM core version 5.4.25.Final
2021-10-28 14:50:41.554  INFO 8056 --- [    Test worker] o.hibernate.annotations.common.Version   : HCANN000001: Hibernate Commons Annotations {5.1.2.Final}
2021-10-28 14:50:41.687  INFO 8056 --- [    Test worker] org.hibernate.dialect.Dialect            : HHH000400: Using dialect: org.hibernate.dialect.MySQL57Dialect
Hibernate: drop table if exists posts
Hibernate: drop table if exists user
Hibernate: create table posts (id bigint not null auto_increment, created_date datetime(6), modified_date datetime(6), author varchar(255), content TEXT not null, title varchar(500) not null, primary key (id)) engine=InnoDB
Hibernate: create table user (id bigint not null auto_increment, created_date datetime(6), modified_date datetime(6), email varchar(255) not null, name varchar(255) not null, picture varchar(255), role varchar(255) not null, primary key (id)) engine=InnoDB
2021-10-28 14:50:42.418  INFO 8056 --- [    Test worker] o.h.e.t.j.p.i.JtaPlatformInitiator       : HHH000490: Using JtaPlatform implementation: [org.hibernate.engine.transaction.jta.platform.internal.NoJtaPlatform]
2021-10-28 14:50:42.428  INFO 8056 --- [    Test worker] j.LocalContainerEntityManagerFactoryBean : Initialized JPA EntityManagerFactory for persistence unit 'default'
2021-10-28 14:50:42.796  WARN 8056 --- [    Test worker] JpaBaseConfiguration$JpaWebConfiguration : spring.jpa.open-in-view is enabled by default. Therefore, database queries may be performed during view rendering. Explicitly configure spring.jpa.open-in-view to disable this warning
2021-10-28 14:50:43.087  INFO 8056 --- [    Test worker] o.s.s.web.DefaultSecurityFilterChain     : Will secure any request with [org.springframework.security.web.context.request.async.WebAsyncManagerIntegrationFilter@fc9c21d, org.springframework.security.web.context.SecurityContextPersistenceFilter@6317ca7, org.springframework.security.web.header.HeaderWriterFilter@3c264ce0, org.springframework.security.web.authentication.logout.LogoutFilter@678af723, org.springframework.security.oauth2.client.web.OAuth2AuthorizationRequestRedirectFilter@2b28a255, org.springframework.security.oauth2.client.web.OAuth2LoginAuthenticationFilter@208daea7, org.springframework.security.web.authentication.ui.DefaultLoginPageGeneratingFilter@18632d06, org.springframework.security.web.authentication.ui.DefaultLogoutPageGeneratingFilter@2af8509b, org.springframework.security.web.savedrequest.RequestCacheAwareFilter@3f09a974, org.springframework.security.web.servletapi.SecurityContextHolderAwareRequestFilter@31c6a339, org.springframework.security.web.authentication.AnonymousAuthenticationFilter@44ac759b, org.springframework.security.web.session.SessionManagementFilter@4dec8c13, org.springframework.security.web.access.ExceptionTranslationFilter@27e3cc51, org.springframework.security.web.access.intercept.FilterSecurityInterceptor@39f2c328]
2021-10-28 14:50:43.287  INFO 8056 --- [    Test worker] o.s.s.concurrent.ThreadPoolTaskExecutor  : Initializing ExecutorService 'applicationTaskExecutor'
2021-10-28 14:50:43.301  INFO 8056 --- [    Test worker] o.s.b.a.h2.H2ConsoleAutoConfiguration    : H2 console available at '/h2-console'. Database available at 'jdbc:h2:mem:testdb'
2021-10-28 14:50:43.323  INFO 8056 --- [    Test worker] o.s.b.a.w.s.WelcomePageHandlerMapping    : Adding welcome page template: index
2021-10-28 14:50:43.626  INFO 8056 --- [    Test worker] s.a.ScheduledAnnotationBeanPostProcessor : No TaskScheduler/ScheduledExecutorService bean found for scheduled processing
2021-10-28 14:50:43.633  INFO 8056 --- [    Test worker] c.j.b.s.d.posts.PostsRepositoryTest      : Started PostsRepositoryTest in 3.127 seconds (JVM running for 7.182)
Hibernate: insert into posts (created_date, modified_date, author, content, title) values (?, ?, ?, ?, ?)
Hibernate: select posts0_.id as id1_0_, posts0_.created_date as created_2_0_, posts0_.modified_date as modified3_0_, posts0_.author as author4_0_, posts0_.content as content5_0_, posts0_.title as title6_0_ from posts posts0_
Hibernate: select posts0_.id as id1_0_, posts0_.created_date as created_2_0_, posts0_.modified_date as modified3_0_, posts0_.author as author4_0_, posts0_.content as content5_0_, posts0_.title as title6_0_ from posts posts0_
Hibernate: delete from posts where id=?
Hibernate: insert into posts (created_date, modified_date, author, content, title) values (?, ?, ?, ?, ?)
Hibernate: select posts0_.id as id1_0_, posts0_.created_date as created_2_0_, posts0_.modified_date as modified3_0_, posts0_.author as author4_0_, posts0_.content as content5_0_, posts0_.title as title6_0_ from posts posts0_
>>>>>>>>>>>>> createDate=2021-10-28T14:50:43.805, modifiedDate=2021-10-28T14:50:43.805
Hibernate: select posts0_.id as id1_0_, posts0_.created_date as created_2_0_, posts0_.modified_date as modified3_0_, posts0_.author as author4_0_, posts0_.content as content5_0_, posts0_.title as title6_0_ from posts posts0_
Hibernate: delete from posts where id=?
]]></system-out>
  <system-err><![CDATA[]]></system-err>
</testsuite>
